Tree nodes 138028
30000/450000:     1.6608304152076039  :1.6608304152076039  :1.6470859502779955e-06  :1.6470859502779955e-06  
Tree nodes 202551
60000/450000:     1.900851147759858   :1.900851147759858   :1.7269693203232566e-06  :1.7269693203232566e-06  
Tree nodes 238193
90000/450000:     2.163689608243414   :2.163689608243414   :1.7954776617810181e-06  :1.7954776617810181e-06  
=========100438/450000 Rebuild=========
Method 1 rebuild time:39.751996755599976
Method 2 rebuild time:39.69981241226196
Tree nodes 98791
120000/450000:    2.4249435831116744  :2.4249435831116744  :4.128760281677224e-05   :4.110616237332834e-05   
Tree nodes 175373
150000/450000:    2.4178187788149237  :2.4178187788149237  :4.161399260449829e-05   :4.1497333617027056e-05  
Tree nodes 222931
180000/450000:    2.459523124997395   :2.459523124997395   :4.208147097549659e-05   :4.1901526743022204e-05  
=========205260/450000 Rebuild=========
Method 1 rebuild time:85.9399938583374
Method 2 rebuild time:41.54573154449463
Tree nodes 46222
210000/450000:    2.622087444203166   :2.8224976653725307  :4.365743198449187e-05   :8.208664995615397e-05   
Tree nodes 148120
240000/450000:    2.6000386064563554  :2.7757524975674848  :4.440370984689391e-05   :8.299545550777827e-05   
Tree nodes 198168
270000/450000:    2.634256185839881   :2.8003062127013583  :4.521082154045662e-05   :8.36222273677287e-05    
Tree nodes 242472
300000/450000:    2.653979734859709   :2.817641886114791   :4.487052523712201e-05   :8.364247856382183e-05   
=========308870/450000 Rebuild=========
Method 1 rebuild time:134.07151865959167
Method 2 rebuild time:40.36175060272217
Tree nodes 106709
330000/450000:    2.7563883055329343  :3.1006672297364344  :4.6536458053389357e-05  :0.00012599584573087027  
Tree nodes 170474
360000/450000:    2.7727881887180157  :3.0992896906648633  :4.656260043145332e-05   :0.0001257168758891196   
Tree nodes 221339
390000/450000:    2.792049571814888   :3.1097593814525393  :4.710653150437146e-05   :0.0001266651668542008   
=========414561/450000 Rebuild=========
Method 1 rebuild time:184.51249074935913
Method 2 rebuild time:42.574156045913696
Tree nodes 56536
420000/450000:    2.880513922490848   :3.4021021550735875  :4.7900356207780996e-05  :0.00016931519590175512  
450000/450000:    2.8871861234740144  :3.371627806190814   :4.876803159713745e-05   :0.0001715741515159607
